e:\游戏程序设计\sfmlgame\pac_man\pac_man\debug\vc141.pdb
e:\游戏程序设计\sfmlgame\pac_man\pac_man\debug\vc141.idb
e:\游戏程序设计\sfmlgame\pac_man\pac_man\debug\mainwindow.obj
e:\游戏程序设计\sfmlgame\pac_man\pac_man\debug\main.obj
e:\游戏程序设计\sfmlgame\pac_man\pac_man\debug\hero.obj
e:\游戏程序设计\sfmlgame\pac_man\pac_man\debug\collision.obj
e:\游戏程序设计\sfmlgame\pac_man\pac_man\debug\boss.obj
e:\游戏程序设计\sfmlgame\pac_man\pac_man\debug\bullet.obj
e:\游戏程序设计\sfmlgame\pac_man\pac_man\debug\bulletlist.obj
e:\游戏程序设计\sfmlgame\pac_man\pac_man\debug\源.obj
e:\游戏程序设计\sfmlgame\pac_man\pac_man\debug\bulletlist.obj.enc
e:\游戏程序设计\sfmlgame\pac_man\debug\raiden.pdb
e:\游戏程序设计\sfmlgame\pac_man\pac_man\debug\raiden.tlog\cl.command.1.tlog
e:\游戏程序设计\sfmlgame\pac_man\pac_man\debug\raiden.tlog\cl.read.1.tlog
e:\游戏程序设计\sfmlgame\pac_man\pac_man\debug\raiden.tlog\cl.write.1.tlog
e:\游戏程序设计\sfmlgame\pac_man\pac_man\debug\raiden.tlog\link-cvtres.read.1.tlog
e:\游戏程序设计\sfmlgame\pac_man\pac_man\debug\raiden.tlog\link-cvtres.write.1.tlog
e:\游戏程序设计\sfmlgame\pac_man\pac_man\debug\raiden.tlog\link-rc.read.1.tlog
e:\游戏程序设计\sfmlgame\pac_man\pac_man\debug\raiden.tlog\link-rc.write.1.tlog
e:\游戏程序设计\sfmlgame\pac_man\pac_man\debug\raiden.tlog\link.9496-cvtres.read.1.tlog
e:\游戏程序设计\sfmlgame\pac_man\pac_man\debug\raiden.tlog\link.9496-cvtres.write.1.tlog
e:\游戏程序设计\sfmlgame\pac_man\pac_man\debug\raiden.tlog\link.9496-rc.read.1.tlog
e:\游戏程序设计\sfmlgame\pac_man\pac_man\debug\raiden.tlog\link.9496-rc.write.1.tlog
e:\游戏程序设计\sfmlgame\pac_man\pac_man\debug\raiden.tlog\link.9496.read.1.tlog
e:\游戏程序设计\sfmlgame\pac_man\pac_man\debug\raiden.tlog\link.9496.write.1.tlog
e:\游戏程序设计\sfmlgame\pac_man\pac_man\debug\raiden.tlog\link.command.1.tlog
e:\游戏程序设计\sfmlgame\pac_man\pac_man\debug\raiden.tlog\link.read.1.tlog
e:\游戏程序设计\sfmlgame\pac_man\pac_man\debug\raiden.tlog\link.write.1.tlog
