  MainWindow.cpp
e:\游戏程序设计\sfmlgame\minesweeper\minesweeper\mainwindow.cpp(35): error C2065: “Vector2i”: 未声明的标识符
e:\游戏程序设计\sfmlgame\minesweeper\minesweeper\mainwindow.cpp(35): error C2146: 语法错误: 缺少“;”(在标识符“LeftCorner”的前面)
e:\游戏程序设计\sfmlgame\minesweeper\minesweeper\mainwindow.cpp(35): error C2065: “LeftCorner”: 未声明的标识符
e:\游戏程序设计\sfmlgame\minesweeper\minesweeper\mainwindow.cpp(39): error C2065: “Window_width”: 未声明的标识符
e:\游戏程序设计\sfmlgame\minesweeper\minesweeper\mainwindow.cpp(40): error C2065: “LeftCorner”: 未声明的标识符
e:\游戏程序设计\sfmlgame\minesweeper\minesweeper\mainwindow.cpp(40): error C2065: “Window_height”: 未声明的标识符
e:\游戏程序设计\sfmlgame\minesweeper\minesweeper\mainwindow.cpp(43): error C2065: “LeftCorner”: 未声明的标识符
e:\游戏程序设计\sfmlgame\minesweeper\minesweeper\mainwindow.cpp(44): error C3861: “IntRect”: 找不到标识符
e:\游戏程序设计\sfmlgame\minesweeper\minesweeper\mainwindow.cpp(45): error C2065: “LeftCorner”: 未声明的标识符
e:\游戏程序设计\sfmlgame\minesweeper\minesweeper\mainwindow.cpp(46): error C2065: “LeftCorner”: 未声明的标识符
e:\游戏程序设计\sfmlgame\minesweeper\minesweeper\mainwindow.cpp(47): error C2065: “LeftCorner”: 未声明的标识符
e:\游戏程序设计\sfmlgame\minesweeper\minesweeper\mainwindow.cpp(50): error C2065: “window”: 未声明的标识符
e:\游戏程序设计\sfmlgame\minesweeper\minesweeper\mainwindow.cpp(52): error C2065: “LeftCorner”: 未声明的标识符
e:\游戏程序设计\sfmlgame\minesweeper\minesweeper\mainwindow.cpp(53): error C3861: “IntRect”: 找不到标识符
e:\游戏程序设计\sfmlgame\minesweeper\minesweeper\mainwindow.cpp(54): error C2065: “LeftCorner”: 未声明的标识符
e:\游戏程序设计\sfmlgame\minesweeper\minesweeper\mainwindow.cpp(55): error C2065: “LeftCorner”: 未声明的标识符
e:\游戏程序设计\sfmlgame\minesweeper\minesweeper\mainwindow.cpp(56): error C2065: “LeftCorner”: 未声明的标识符
e:\游戏程序设计\sfmlgame\minesweeper\minesweeper\mainwindow.cpp(59): error C2065: “window”: 未声明的标识符
e:\游戏程序设计\sfmlgame\minesweeper\minesweeper\mainwindow.cpp(61): error C2065: “LeftCorner”: 未声明的标识符
e:\游戏程序设计\sfmlgame\minesweeper\minesweeper\mainwindow.cpp(62): error C3861: “IntRect”: 找不到标识符
e:\游戏程序设计\sfmlgame\minesweeper\minesweeper\mainwindow.cpp(63): error C2065: “LeftCorner”: 未声明的标识符
e:\游戏程序设计\sfmlgame\minesweeper\minesweeper\mainwindow.cpp(64): error C2065: “LeftCorner”: 未声明的标识符
e:\游戏程序设计\sfmlgame\minesweeper\minesweeper\mainwindow.cpp(65): error C2065: “LeftCorner”: 未声明的标识符
e:\游戏程序设计\sfmlgame\minesweeper\minesweeper\mainwindow.cpp(68): error C2065: “window”: 未声明的标识符
e:\游戏程序设计\sfmlgame\minesweeper\minesweeper\mainwindow.cpp(70): error C2065: “LeftCorner”: 未声明的标识符
e:\游戏程序设计\sfmlgame\minesweeper\minesweeper\mainwindow.cpp(71): error C3861: “IntRect”: 找不到标识符
e:\游戏程序设计\sfmlgame\minesweeper\minesweeper\mainwindow.cpp(72): error C2065: “LeftCorner”: 未声明的标识符
e:\游戏程序设计\sfmlgame\minesweeper\minesweeper\mainwindow.cpp(73): error C2065: “LeftCorner”: 未声明的标识符
e:\游戏程序设计\sfmlgame\minesweeper\minesweeper\mainwindow.cpp(74): error C2065: “LeftCorner”: 未声明的标识符
e:\游戏程序设计\sfmlgame\minesweeper\minesweeper\mainwindow.cpp(77): error C2065: “window”: 未声明的标识符
e:\游戏程序设计\sfmlgame\minesweeper\minesweeper\mainwindow.cpp(79): error C2065: “LeftCorner”: 未声明的标识符
e:\游戏程序设计\sfmlgame\minesweeper\minesweeper\mainwindow.cpp(80): error C3861: “IntRect”: 找不到标识符
e:\游戏程序设计\sfmlgame\minesweeper\minesweeper\mainwindow.cpp(81): error C2065: “LeftCorner”: 未声明的标识符
e:\游戏程序设计\sfmlgame\minesweeper\minesweeper\mainwindow.cpp(82): error C2065: “LeftCorner”: 未声明的标识符
e:\游戏程序设计\sfmlgame\minesweeper\minesweeper\mainwindow.cpp(83): error C2065: “LeftCorner”: 未声明的标识符
e:\游戏程序设计\sfmlgame\minesweeper\minesweeper\mainwindow.cpp(86): error C2065: “window”: 未声明的标识符
e:\游戏程序设计\sfmlgame\minesweeper\minesweeper\mainwindow.cpp(88): error C2065: “LeftCorner”: 未声明的标识符
e:\游戏程序设计\sfmlgame\minesweeper\minesweeper\mainwindow.cpp(89): error C3861: “IntRect”: 找不到标识符
e:\游戏程序设计\sfmlgame\minesweeper\minesweeper\mainwindow.cpp(90): error C2065: “LeftCorner”: 未声明的标识符
e:\游戏程序设计\sfmlgame\minesweeper\minesweeper\mainwindow.cpp(91): error C2065: “LeftCorner”: 未声明的标识符
e:\游戏程序设计\sfmlgame\minesweeper\minesweeper\mainwindow.cpp(92): error C2065: “LeftCorner”: 未声明的标识符
e:\游戏程序设计\sfmlgame\minesweeper\minesweeper\mainwindow.cpp(95): error C2065: “window”: 未声明的标识符
e:\游戏程序设计\sfmlgame\minesweeper\minesweeper\mainwindow.cpp(97): error C2065: “LeftCorner”: 未声明的标识符
e:\游戏程序设计\sfmlgame\minesweeper\minesweeper\mainwindow.cpp(98): error C3861: “IntRect”: 找不到标识符
e:\游戏程序设计\sfmlgame\minesweeper\minesweeper\mainwindow.cpp(99): error C2065: “LeftCorner”: 未声明的标识符
e:\游戏程序设计\sfmlgame\minesweeper\minesweeper\mainwindow.cpp(100): error C2065: “LeftCorner”: 未声明的标识符
e:\游戏程序设计\sfmlgame\minesweeper\minesweeper\mainwindow.cpp(101): error C2065: “LeftCorner”: 未声明的标识符
e:\游戏程序设计\sfmlgame\minesweeper\minesweeper\mainwindow.cpp(104): error C2065: “window”: 未声明的标识符
  main.cpp
  正在生成代码...
