  BigEnemy.cpp
e:\游戏程序设计\sfmlgame\pac_man\pac_man\bigenemy.cpp(10): warning C4018: “<”: 有符号/无符号不匹配
e:\游戏程序设计\sfmlgame\pac_man\pac_man\bigenemy.cpp(17): warning C4244: “参数”: 从“float”转换到“int”，可能丢失数据
e:\游戏程序设计\sfmlgame\pac_man\pac_man\bigenemy.cpp(18): warning C4244: “参数”: 从“float”转换到“int”，可能丢失数据
e:\游戏程序设计\sfmlgame\pac_man\pac_man\bigenemy.cpp(34): warning C4018: “<”: 有符号/无符号不匹配
e:\游戏程序设计\sfmlgame\pac_man\pac_man\bigenemy.cpp(41): warning C4244: “参数”: 从“float”转换到“int”，可能丢失数据
e:\游戏程序设计\sfmlgame\pac_man\pac_man\bigenemy.cpp(42): warning C4244: “参数”: 从“float”转换到“int”，可能丢失数据
e:\游戏程序设计\sfmlgame\pac_man\pac_man\bigenemy.cpp(107): warning C4244: “初始化”: 从“_Ty1”转换到“int”，可能丢失数据
          with
          [
              _Ty1=float
          ]
e:\游戏程序设计\sfmlgame\pac_man\pac_man\bigenemy.cpp(108): warning C4244: “初始化”: 从“_Ty2”转换到“int”，可能丢失数据
          with
          [
              _Ty2=float
          ]
e:\游戏程序设计\sfmlgame\pac_man\pac_man\bigenemy.cpp(115): warning C4244: “参数”: 从“int”转换到“float”，可能丢失数据
e:\游戏程序设计\sfmlgame\pac_man\pac_man\bigenemy.cpp(121): warning C4244: “初始化”: 从“_Ty1”转换到“int”，可能丢失数据
          with
          [
              _Ty1=float
          ]
e:\游戏程序设计\sfmlgame\pac_man\pac_man\bigenemy.cpp(122): warning C4244: “初始化”: 从“_Ty2”转换到“int”，可能丢失数据
          with
          [
              _Ty2=float
          ]
e:\游戏程序设计\sfmlgame\pac_man\pac_man\bigenemy.cpp(131): warning C4244: “参数”: 从“int”转换到“float”，可能丢失数据
e:\游戏程序设计\sfmlgame\pac_man\pac_man\bigenemy.cpp(136): warning C4244: “=”: 从“_Ty1”转换到“int”，可能丢失数据
          with
          [
              _Ty1=float
          ]
e:\游戏程序设计\sfmlgame\pac_man\pac_man\bigenemy.cpp(142): warning C4244: “参数”: 从“int”转换到“float”，可能丢失数据
c:\program files (x86)\microsoft visual studio\2017\community\vc\tools\msvc\14.16.27023\include\utility(172): warning C4244: “初始化”: 从“_Ty”转换到“_Ty1”，可能丢失数据
          with
          [
              _Ty=double
          ]
          and
          [
              _Ty1=float
          ]
  e:\游戏程序设计\sfmlgame\pac_man\pac_man\collision.h(17): note: 参见对正在编译的函数 模板 实例化“std::pair<float,float>::pair<double,double,0>(_Other1 &&,_Other2 &&) noexcept”的引用
          with
          [
              _Other1=double,
              _Other2=double
          ]
  e:\游戏程序设计\sfmlgame\pac_man\pac_man\collision.h(17): note: 参见对正在编译的函数 模板 实例化“std::pair<float,float>::pair<double,double,0>(_Other1 &&,_Other2 &&) noexcept”的引用
          with
          [
              _Other1=double,
              _Other2=double
          ]
c:\program files (x86)\microsoft visual studio\2017\community\vc\tools\msvc\14.16.27023\include\utility(173): warning C4244: “初始化”: 从“_Ty”转换到“_Ty2”，可能丢失数据
          with
          [
              _Ty=double
          ]
          and
          [
              _Ty2=float
          ]
  PAC_Man.vcxproj -> E:\游戏程序设计\SFMLGame\PAC_Man\Debug\Raiden.exe
